/articles/,0.069682,1826816,83
/notifications/check/,0.058275,176128,16
/messages/check/,0.037045,229376,16
/notifications/check/,0.008377,77824,8
/messages/check/,0.008095,77824,8
/notifications/check/,0.010625,77824,8
/notifications/check/,0.009032,77824,8
/messages/check/,0.016907,77824,8
/notifications/check/,0.013419,77824,8
/notifications/check/,0.012152,520192,8
/messages/check/,0.008284,118784,8
/notifications/check/,0.008734,69632,8
/notifications/check/,0.010551,73728,8
/messages/check/,0.017871,53248,8
/notifications/check/,0.013834,61440,8
/notifications/check/,0.022668,61440,8
/messages/check/,0.018739,20480,8
/notifications/check/,0.020579,16384,8
/articles/,0.060418,1769472,83
/notifications/check/,0.025985,462848,1
/messages/check/,0.020188,299008,21
/articles/,0.050903,299008,83
/notifications/check/,0.064644,98304,16
/messages/check/,0.041349,81920,29
